{"uid":"5798300a4ff77b2e","name":"Check create new project from VCS invalid data","fullName":"com.example.teamcity.ui.CreateNewProjectTest.checkCreateNewProjectFromVCSInvalidData","historyId":"4047aa1c43c5c1b97c1d2e602fb3b3c4","time":{"start":1717245110567,"stop":1717245117083,"duration":6516},"status":"failed","statusMessage":"Element not found {[id=\"url\"]}\nExpected: editable\nScreenshot: file:/home/runner/work/workshop-teamcity/workshop-teamcity/target/surefire-reports/1717245116911.2.png\nPage source: file:/home/runner/work/workshop-teamcity/workshop-teamcity/target/surefire-reports/1717245116911.2.html\nTimeout: 4 s.\nCaused by: NoSuchElementException: Unable to locate element: [id=\"url\"]","statusTrace":"Element not found {[id=\"url\"]}\nExpected: editable\nScreenshot: file:/home/runner/work/workshop-teamcity/workshop-teamcity/target/surefire-reports/1717245116911.2.png\nPage source: file:/home/runner/work/workshop-teamcity/workshop-teamcity/target/surefire-reports/1717245116911.2.html\nTimeout: 4 s.\nCaused by: NoSuchElementException: Unable to locate element: [id=\"url\"]\n\tat com.codeborne.selenide.impl.WebElementSource.createElementNotFoundError(WebElementSource.java:89)\n\tat com.codeborne.selenide.impl.ElementFinder.createElementNotFoundError(ElementFinder.java:142)\n\tat com.codeborne.selenide.impl.WebElementSource.handleError(WebElementSource.java:141)\n\tat com.codeborne.selenide.impl.WebElementSource.checkConditionAndReturnElement(WebElementSource.java:125)\n\tat com.codeborne.selenide.impl.WebElementSource.findAndAssertElementIsEditable(WebElementSource.java:182)\n\tat com.codeborne.selenide.commands.Clear.execute(Clear.java:41)\n\tat com.codeborne.selenide.commands.Clear.execute(Clear.java:33)\n\tat com.codeborne.selenide.commands.Commands.execute(Commands.java:162)\n\tat com.codeborne.selenide.impl.SelenideElementProxy.dispatchAndRetry(SelenideElementProxy.java:134)\n\tat com.codeborne.selenide.impl.SelenideElementProxy.invoke(SelenideElementProxy.java:86)\n\tat jdk.proxy2/jdk.proxy2.$Proxy62.clear(Unknown Source)\n\tat com.example.teamcity.ui.pages.admin.CreteNewProjectPage.createProjectByUrl(CreteNewProjectPage.java:40)\n\tat com.example.teamcity.ui.CreateNewProjectTest.checkCreateNewProjectFromVCSInvalidData(CreateNewProjectTest.java:81)\n\tat java.base/jdk.internal.reflect.NativeMethodAccessorImpl.invoke0(Native Method)\n\tat java.base/jdk.internal.reflect.NativeMethodAccessorImpl.invoke(NativeMethodAccessorImpl.java:77)\n\tat java.base/jdk.internal.reflect.DelegatingMethodAccessorImpl.invoke(DelegatingMethodAccessorImpl.java:43)\n\tat java.base/java.lang.reflect.Method.invoke(Method.java:568)\n\tat org.testng.internal.invokers.MethodInvocationHelper.invokeMethod(MethodInvocationHelper.java:139)\n\tat org.testng.internal.invokers.TestInvoker.invokeMethod(TestInvoker.java:677)\n\tat org.testng.internal.invokers.TestInvoker.invokeTestMethod(TestInvoker.java:221)\n\tat org.testng.internal.invokers.MethodRunner.runInSequence(MethodRunner.java:50)\n\tat org.testng.internal.invokers.TestInvoker$MethodInvocationAgent.invoke(TestInvoker.java:969)\n\tat org.testng.internal.invokers.TestInvoker.invokeTestMethods(TestInvoker.java:194)\n\tat org.testng.internal.invokers.TestMethodWorker.invokeTestMethods(TestMethodWorker.java:148)\n\tat org.testng.internal.invokers.TestMethodWorker.run(TestMethodWorker.java:128)\n\tat java.base/java.util.ArrayList.forEach(ArrayList.java:1511)\n\tat org.testng.TestRunner.privateRun(TestRunner.java:829)\n\tat org.testng.TestRunner.run(TestRunner.java:602)\n\tat org.testng.SuiteRunner.runTest(SuiteRunner.java:437)\n\tat org.testng.SuiteRunner.runSequentially(SuiteRunner.java:431)\n\tat org.testng.SuiteRunner.privateRun(SuiteRunner.java:391)\n\tat org.testng.SuiteRunner.run(SuiteRunner.java:330)\n\tat org.testng.SuiteRunnerWorker.runSuite(SuiteRunnerWorker.java:52)\n\tat org.testng.SuiteRunnerWorker.run(SuiteRunnerWorker.java:95)\n\tat org.testng.TestNG.runSuitesSequentially(TestNG.java:1256)\n\tat org.testng.TestNG.runSuitesSequentially(TestNG.java:1251)\n\tat org.testng.TestNG.runSuitesLocally(TestNG.java:1176)\n\tat org.testng.TestNG.runSuites(TestNG.java:1099)\n\tat org.testng.TestNG.run(TestNG.java:1067)\n\tat org.apache.maven.surefire.testng.TestNGExecutor.run(TestNGExecutor.java:283)\n\tat org.apache.maven.surefire.testng.TestNGXmlTestSuite.execute(TestNGXmlTestSuite.java:75)\n\tat org.apache.maven.surefire.testng.TestNGProvider.invoke(TestNGProvider.java:120)\n\tat org.apache.maven.surefire.booter.ForkedBooter.invokeProviderInSameClassLoader(ForkedBooter.java:384)\n\tat org.apache.maven.surefire.booter.ForkedBooter.runSuitesInProcess(ForkedBooter.java:345)\n\tat org.apache.maven.surefire.booter.ForkedBooter.execute(ForkedBooter.java:126)\n\tat org.apache.maven.surefire.booter.ForkedBooter.main(ForkedBooter.java:418)\nCaused by: org.openqa.selenium.NoSuchElementException: Unable to locate element: [id=\"url\"]\nFor documentation on this error, please visit: https://www.selenium.dev/documentation/webdriver/troubleshooting/errors#no-such-element-exception\nBuild info: version: '4.13.0', revision: 'ba948ece5b*'\nSystem info: os.name: 'Linux', os.arch: 'amd64', os.version: '6.5.0-1021-azure', java.version: '17.0.11'\nDriver info: org.openqa.selenium.remote.RemoteWebDriver\nCommand: [c4e20264-1085-4349-b169-8e4fe083931a, findElement {using=css selector, value=[id=\"url\"]}]\nCapabilities {acceptInsecureCerts: true, browserName: firefox, browserVersion: 89.0, moz:accessibilityChecks: false, moz:buildID: 20210527174632, moz:debuggerAddress: localhost:43891, moz:geckodriverVersion: 0.29.1, moz:headless: false, moz:processID: 91, moz:profile: /tmp/rust_mozprofilejIXXtj, moz:shutdownTimeout: 60000, moz:useNonSpecCompliantPointerOrigin: false, moz:webdriverClick: true, pageLoadStrategy: normal, platformName: linux, platformVersion: 6.5.0-1021-azure, se:cdp: ws://172.17.0.1:4444/devtoo..., se:cdpVersion: 89.0, setWindowRect: true, strictFileInteractability: false, timeouts: {implicit: 0, pageLoad: 300000, script: 30000}, unhandledPromptBehavior: accept}\nSession ID: c4e20264-1085-4349-b169-8e4fe083931a\n\tat jdk.internal.reflect.GeneratedConstructorAccessor84.newInstance(Unknown Source)\n\tat java.base/jdk.internal.reflect.DelegatingConstructorAccessorImpl.newInstance(DelegatingConstructorAccessorImpl.java:45)\n\tat java.base/java.lang.reflect.Constructor.newInstanceWithCaller(Constructor.java:499)\n\tat java.base/java.lang.reflect.Constructor.newInstance(Constructor.java:480)\n\tat org.openqa.selenium.remote.codec.w3c.W3CHttpResponseCodec.createException(W3CHttpResponseCodec.java:200)\n\tat org.openqa.selenium.remote.codec.w3c.W3CHttpResponseCodec.decode(W3CHttpResponseCodec.java:133)\n\tat org.openqa.selenium.remote.codec.w3c.W3CHttpResponseCodec.decode(W3CHttpResponseCodec.java:52)\n\tat org.openqa.selenium.remote.HttpCommandExecutor.execute(HttpCommandExecutor.java:191)\n\tat org.openqa.selenium.remote.RemoteWebDriver.execute(RemoteWebDriver.java:602)\n\tat org.openqa.selenium.remote.ElementLocation$ElementFinder$2.findElement(ElementLocation.java:165)\n\tat org.openqa.selenium.remote.ElementLocation.findElement(ElementLocation.java:59)\n\tat org.openqa.selenium.remote.RemoteWebDriver.findElement(RemoteWebDriver.java:359)\n\tat org.openqa.selenium.remote.RemoteWebDriver.findElement(RemoteWebDriver.java:353)\n\tat com.codeborne.selenide.impl.WebElementSelector.findElement(WebElementSelector.java:73)\n\tat com.codeborne.selenide.impl.WebElementSelector.findElement(WebElementSelector.java:46)\n\tat com.codeborne.selenide.impl.WebElementSelector.findElement(WebElementSelector.java:35)\n\tat com.codeborne.selenide.impl.ElementFinder.getWebElement(ElementFinder.java:122)\n\tat com.codeborne.selenide.impl.WebElementSource.checkConditionAndReturnElement(WebElementSource.java:114)\n\t... 42 more\n","flaky":false,"newFailed":true,"newBroken":false,"newPassed":false,"retriesCount":1,"retriesStatusChange":true,"beforeStages":[{"name":"beforeTest","time":{"start":1717245110566,"stop":1717245110566,"duration":0},"description":"","status":"passed","steps":[],"attachments":[],"parameters":[],"shouldDisplayMessage":false,"stepsCount":0,"attachmentsCount":0,"hasContent":false}],"testStage":{"status":"failed","statusMessage":"Element not found {[id=\"url\"]}\nExpected: editable\nScreenshot: file:/home/runner/work/workshop-teamcity/workshop-teamcity/target/surefire-reports/1717245116911.2.png\nPage source: file:/home/runner/work/workshop-teamcity/workshop-teamcity/target/surefire-reports/1717245116911.2.html\nTimeout: 4 s.\nCaused by: NoSuchElementException: Unable to locate element: [id=\"url\"]","statusTrace":"Element not found {[id=\"url\"]}\nExpected: editable\nScreenshot: file:/home/runner/work/workshop-teamcity/workshop-teamcity/target/surefire-reports/1717245116911.2.png\nPage source: file:/home/runner/work/workshop-teamcity/workshop-teamcity/target/surefire-reports/1717245116911.2.html\nTimeout: 4 s.\nCaused by: NoSuchElementException: Unable to locate element: [id=\"url\"]\n\tat com.codeborne.selenide.impl.WebElementSource.createElementNotFoundError(WebElementSource.java:89)\n\tat com.codeborne.selenide.impl.ElementFinder.createElementNotFoundError(ElementFinder.java:142)\n\tat com.codeborne.selenide.impl.WebElementSource.handleError(WebElementSource.java:141)\n\tat com.codeborne.selenide.impl.WebElementSource.checkConditionAndReturnElement(WebElementSource.java:125)\n\tat com.codeborne.selenide.impl.WebElementSource.findAndAssertElementIsEditable(WebElementSource.java:182)\n\tat com.codeborne.selenide.commands.Clear.execute(Clear.java:41)\n\tat com.codeborne.selenide.commands.Clear.execute(Clear.java:33)\n\tat com.codeborne.selenide.commands.Commands.execute(Commands.java:162)\n\tat com.codeborne.selenide.impl.SelenideElementProxy.dispatchAndRetry(SelenideElementProxy.java:134)\n\tat com.codeborne.selenide.impl.SelenideElementProxy.invoke(SelenideElementProxy.java:86)\n\tat jdk.proxy2/jdk.proxy2.$Proxy62.clear(Unknown Source)\n\tat com.example.teamcity.ui.pages.admin.CreteNewProjectPage.createProjectByUrl(CreteNewProjectPage.java:40)\n\tat com.example.teamcity.ui.CreateNewProjectTest.checkCreateNewProjectFromVCSInvalidData(CreateNewProjectTest.java:81)\n\tat java.base/jdk.internal.reflect.NativeMethodAccessorImpl.invoke0(Native Method)\n\tat java.base/jdk.internal.reflect.NativeMethodAccessorImpl.invoke(NativeMethodAccessorImpl.java:77)\n\tat java.base/jdk.internal.reflect.DelegatingMethodAccessorImpl.invoke(DelegatingMethodAccessorImpl.java:43)\n\tat java.base/java.lang.reflect.Method.invoke(Method.java:568)\n\tat org.testng.internal.invokers.MethodInvocationHelper.invokeMethod(MethodInvocationHelper.java:139)\n\tat org.testng.internal.invokers.TestInvoker.invokeMethod(TestInvoker.java:677)\n\tat org.testng.internal.invokers.TestInvoker.invokeTestMethod(TestInvoker.java:221)\n\tat org.testng.internal.invokers.MethodRunner.runInSequence(MethodRunner.java:50)\n\tat org.testng.internal.invokers.TestInvoker$MethodInvocationAgent.invoke(TestInvoker.java:969)\n\tat org.testng.internal.invokers.TestInvoker.invokeTestMethods(TestInvoker.java:194)\n\tat org.testng.internal.invokers.TestMethodWorker.invokeTestMethods(TestMethodWorker.java:148)\n\tat org.testng.internal.invokers.TestMethodWorker.run(TestMethodWorker.java:128)\n\tat java.base/java.util.ArrayList.forEach(ArrayList.java:1511)\n\tat org.testng.TestRunner.privateRun(TestRunner.java:829)\n\tat org.testng.TestRunner.run(TestRunner.java:602)\n\tat org.testng.SuiteRunner.runTest(SuiteRunner.java:437)\n\tat org.testng.SuiteRunner.runSequentially(SuiteRunner.java:431)\n\tat org.testng.SuiteRunner.privateRun(SuiteRunner.java:391)\n\tat org.testng.SuiteRunner.run(SuiteRunner.java:330)\n\tat org.testng.SuiteRunnerWorker.runSuite(SuiteRunnerWorker.java:52)\n\tat org.testng.SuiteRunnerWorker.run(SuiteRunnerWorker.java:95)\n\tat org.testng.TestNG.runSuitesSequentially(TestNG.java:1256)\n\tat org.testng.TestNG.runSuitesSequentially(TestNG.java:1251)\n\tat org.testng.TestNG.runSuitesLocally(TestNG.java:1176)\n\tat org.testng.TestNG.runSuites(TestNG.java:1099)\n\tat org.testng.TestNG.run(TestNG.java:1067)\n\tat org.apache.maven.surefire.testng.TestNGExecutor.run(TestNGExecutor.java:283)\n\tat org.apache.maven.surefire.testng.TestNGXmlTestSuite.execute(TestNGXmlTestSuite.java:75)\n\tat org.apache.maven.surefire.testng.TestNGProvider.invoke(TestNGProvider.java:120)\n\tat org.apache.maven.surefire.booter.ForkedBooter.invokeProviderInSameClassLoader(ForkedBooter.java:384)\n\tat org.apache.maven.surefire.booter.ForkedBooter.runSuitesInProcess(ForkedBooter.java:345)\n\tat org.apache.maven.surefire.booter.ForkedBooter.execute(ForkedBooter.java:126)\n\tat org.apache.maven.surefire.booter.ForkedBooter.main(ForkedBooter.java:418)\nCaused by: org.openqa.selenium.NoSuchElementException: Unable to locate element: [id=\"url\"]\nFor documentation on this error, please visit: https://www.selenium.dev/documentation/webdriver/troubleshooting/errors#no-such-element-exception\nBuild info: version: '4.13.0', revision: 'ba948ece5b*'\nSystem info: os.name: 'Linux', os.arch: 'amd64', os.version: '6.5.0-1021-azure', java.version: '17.0.11'\nDriver info: org.openqa.selenium.remote.RemoteWebDriver\nCommand: [c4e20264-1085-4349-b169-8e4fe083931a, findElement {using=css selector, value=[id=\"url\"]}]\nCapabilities {acceptInsecureCerts: true, browserName: firefox, browserVersion: 89.0, moz:accessibilityChecks: false, moz:buildID: 20210527174632, moz:debuggerAddress: localhost:43891, moz:geckodriverVersion: 0.29.1, moz:headless: false, moz:processID: 91, moz:profile: /tmp/rust_mozprofilejIXXtj, moz:shutdownTimeout: 60000, moz:useNonSpecCompliantPointerOrigin: false, moz:webdriverClick: true, pageLoadStrategy: normal, platformName: linux, platformVersion: 6.5.0-1021-azure, se:cdp: ws://172.17.0.1:4444/devtoo..., se:cdpVersion: 89.0, setWindowRect: true, strictFileInteractability: false, timeouts: {implicit: 0, pageLoad: 300000, script: 30000}, unhandledPromptBehavior: accept}\nSession ID: c4e20264-1085-4349-b169-8e4fe083931a\n\tat jdk.internal.reflect.GeneratedConstructorAccessor84.newInstance(Unknown Source)\n\tat java.base/jdk.internal.reflect.DelegatingConstructorAccessorImpl.newInstance(DelegatingConstructorAccessorImpl.java:45)\n\tat java.base/java.lang.reflect.Constructor.newInstanceWithCaller(Constructor.java:499)\n\tat java.base/java.lang.reflect.Constructor.newInstance(Constructor.java:480)\n\tat org.openqa.selenium.remote.codec.w3c.W3CHttpResponseCodec.createException(W3CHttpResponseCodec.java:200)\n\tat org.openqa.selenium.remote.codec.w3c.W3CHttpResponseCodec.decode(W3CHttpResponseCodec.java:133)\n\tat org.openqa.selenium.remote.codec.w3c.W3CHttpResponseCodec.decode(W3CHttpResponseCodec.java:52)\n\tat org.openqa.selenium.remote.HttpCommandExecutor.execute(HttpCommandExecutor.java:191)\n\tat org.openqa.selenium.remote.RemoteWebDriver.execute(RemoteWebDriver.java:602)\n\tat org.openqa.selenium.remote.ElementLocation$ElementFinder$2.findElement(ElementLocation.java:165)\n\tat org.openqa.selenium.remote.ElementLocation.findElement(ElementLocation.java:59)\n\tat org.openqa.selenium.remote.RemoteWebDriver.findElement(RemoteWebDriver.java:359)\n\tat org.openqa.selenium.remote.RemoteWebDriver.findElement(RemoteWebDriver.java:353)\n\tat com.codeborne.selenide.impl.WebElementSelector.findElement(WebElementSelector.java:73)\n\tat com.codeborne.selenide.impl.WebElementSelector.findElement(WebElementSelector.java:46)\n\tat com.codeborne.selenide.impl.WebElementSelector.findElement(WebElementSelector.java:35)\n\tat com.codeborne.selenide.impl.ElementFinder.getWebElement(ElementFinder.java:122)\n\tat com.codeborne.selenide.impl.WebElementSource.checkConditionAndReturnElement(WebElementSource.java:114)\n\t... 42 more\n","steps":[{"name":"Add test data","time":{"start":1717245110567,"stop":1717245110567,"duration":0},"status":"passed","steps":[{"name":"Add test data build configuration","time":{"start":1717245110567,"stop":1717245110567,"duration":0},"status":"passed","steps":[],"attachments":[],"parameters":[{"name":"project","value":"NewProjectDescription(parentProject=Project(id=null, name=cnwNJUxhMa, parentProjectId=null, locator=_Root, copyAllAssociatedSettings=false), name=tVFSuzfrxk, id=HEBNoGkoaw, copyAllAssociatedSettings=true)"}],"shouldDisplayMessage":false,"stepsCount":0,"attachmentsCount":0,"hasContent":true}],"attachments":[],"parameters":[],"shouldDisplayMessage":false,"stepsCount":1,"attachmentsCount":0,"hasContent":true},{"name":"Login as user","time":{"start":1717245110567,"stop":1717245111936,"duration":1369},"status":"passed","steps":[{"name":"Send api request to create object","time":{"start":1717245110567,"stop":1717245110586,"duration":19},"status":"passed","steps":[],"attachments":[],"parameters":[{"name":"obj","value":"User(username=JSLytPkgUP, password=DgOTBxgfcu, email=etta.steuber@yahoo.com, roles=Roles(role=[Role(roleId=SYSTEM_ADMIN, scope=G, href=NBHqBESwzo)]))"}],"shouldDisplayMessage":false,"stepsCount":0,"attachmentsCount":0,"hasContent":true},{"name":"Open 'Login' page","time":{"start":1717245110586,"stop":1717245110990,"duration":404},"status":"passed","steps":[{"name":"$(\"open\") http://172.17.0.1:8111/login.html","time":{"start":1717245110586,"stop":1717245110990,"duration":404},"status":"passed","steps":[],"attachments":[],"parameters":[],"shouldDisplayMessage":false,"stepsCount":0,"attachmentsCount":0,"hasContent":false}],"attachments":[],"parameters":[],"shouldDisplayMessage":false,"stepsCount":1,"attachmentsCount":0,"hasContent":true},{"name":"Insert data to login form","time":{"start":1717245110990,"stop":1717245111936,"duration":946},"status":"passed","steps":[{"name":"$(\"[id=\"username\"]\") send keys(JSLytPkgUP)","time":{"start":1717245110990,"stop":1717245111025,"duration":35},"status":"passed","steps":[],"attachments":[],"parameters":[],"shouldDisplayMessage":false,"stepsCount":0,"attachmentsCount":0,"hasContent":false},{"name":"$(\"[id=\"password\"]\") send keys(DgOTBxgfcu)","time":{"start":1717245111025,"stop":1717245111051,"duration":26},"status":"passed","steps":[],"attachments":[],"parameters":[],"shouldDisplayMessage":false,"stepsCount":0,"attachmentsCount":0,"hasContent":false},{"name":"Click Submit button","time":{"start":1717245111051,"stop":1717245111936,"duration":885},"status":"passed","steps":[{"name":"$(\"[type=\"submit\"]\") click()","time":{"start":1717245111051,"stop":1717245111832,"duration":781},"status":"passed","steps":[],"attachments":[],"parameters":[],"shouldDisplayMessage":false,"stepsCount":0,"attachmentsCount":0,"hasContent":false},{"name":"Wait until data is saved","time":{"start":1717245111832,"stop":1717245111936,"duration":104},"status":"passed","steps":[{"name":"$(\"[id=\"saving\"]\") should not be([visible, 30 s.])","time":{"start":1717245111832,"stop":1717245111936,"duration":104},"status":"passed","steps":[],"attachments":[],"parameters":[],"shouldDisplayMessage":false,"stepsCount":0,"attachmentsCount":0,"hasContent":false}],"attachments":[],"parameters":[],"shouldDisplayMessage":false,"stepsCount":1,"attachmentsCount":0,"hasContent":true}],"attachments":[],"parameters":[],"shouldDisplayMessage":false,"stepsCount":3,"attachmentsCount":0,"hasContent":true}],"attachments":[],"parameters":[{"name":"user","value":"User(username=JSLytPkgUP, password=DgOTBxgfcu, email=etta.steuber@yahoo.com, roles=Roles(role=[Role(roleId=SYSTEM_ADMIN, scope=G, href=NBHqBESwzo)]))"}],"shouldDisplayMessage":false,"stepsCount":6,"attachmentsCount":0,"hasContent":true}],"attachments":[],"parameters":[{"name":"user","value":"User(username=JSLytPkgUP, password=DgOTBxgfcu, email=etta.steuber@yahoo.com, roles=Roles(role=[Role(roleId=SYSTEM_ADMIN, scope=G, href=NBHqBESwzo)]))"}],"shouldDisplayMessage":false,"stepsCount":10,"attachmentsCount":0,"hasContent":true},{"name":"Open 'Create new project' page","time":{"start":1717245111936,"stop":1717245112727,"duration":791},"status":"passed","steps":[{"name":"$(\"open\") http://172.17.0.1:8111/admin/createObjectMenu.html?projectId=_Root&showMode=createProjectMenu","time":{"start":1717245111936,"stop":1717245112709,"duration":773},"status":"passed","steps":[],"attachments":[],"parameters":[],"shouldDisplayMessage":false,"stepsCount":0,"attachmentsCount":0,"hasContent":false},{"name":"Wait until page is loaded","time":{"start":1717245112709,"stop":1717245112727,"duration":18},"status":"passed","steps":[{"name":"$(\"[data-test=\"ring-loader\"]\") should not be([visible, 60 s.])","time":{"start":1717245112710,"stop":1717245112727,"duration":17},"status":"passed","steps":[],"attachments":[],"parameters":[],"shouldDisplayMessage":false,"stepsCount":0,"attachmentsCount":0,"hasContent":false}],"attachments":[],"parameters":[],"shouldDisplayMessage":false,"stepsCount":1,"attachmentsCount":0,"hasContent":true}],"attachments":[],"parameters":[{"name":"parentProjectId","value":"_Root"}],"shouldDisplayMessage":false,"stepsCount":3,"attachmentsCount":0,"hasContent":true},{"name":"Select create project by url","time":{"start":1717245112727,"stop":1717245117082,"duration":4355},"status":"failed","statusMessage":"Element not found {[id=\"url\"]}\nExpected: editable\nScreenshot: file:/home/runner/work/workshop-teamcity/workshop-teamcity/target/surefire-reports/1717245116911.2.png\nPage source: file:/home/runner/work/workshop-teamcity/workshop-teamcity/target/surefire-reports/1717245116911.2.html\nTimeout: 4 s.\nCaused by: NoSuchElementException: Unable to locate element: [id=\"url\"]","statusTrace":"Element not found {[id=\"url\"]}\nExpected: editable\nScreenshot: file:/home/runner/work/workshop-teamcity/workshop-teamcity/target/surefire-reports/1717245116911.2.png\nPage source: file:/home/runner/work/workshop-teamcity/workshop-teamcity/target/surefire-reports/1717245116911.2.html\nTimeout: 4 s.\nCaused by: NoSuchElementException: Unable to locate element: [id=\"url\"]\n\tat com.codeborne.selenide.impl.WebElementSource.createElementNotFoundError(WebElementSource.java:89)\n\tat com.codeborne.selenide.impl.ElementFinder.createElementNotFoundError(ElementFinder.java:142)\n\tat com.codeborne.selenide.impl.WebElementSource.handleError(WebElementSource.java:141)\n\tat com.codeborne.selenide.impl.WebElementSource.checkConditionAndReturnElement(WebElementSource.java:125)\n\tat com.codeborne.selenide.impl.WebElementSource.findAndAssertElementIsEditable(WebElementSource.java:182)\n\tat com.codeborne.selenide.commands.Clear.execute(Clear.java:41)\n\tat com.codeborne.selenide.commands.Clear.execute(Clear.java:33)\n\tat com.codeborne.selenide.commands.Commands.execute(Commands.java:162)\n\tat com.codeborne.selenide.impl.SelenideElementProxy.dispatchAndRetry(SelenideElementProxy.java:134)\n\tat com.codeborne.selenide.impl.SelenideElementProxy.invoke(SelenideElementProxy.java:86)\n\tat jdk.proxy2/jdk.proxy2.$Proxy62.clear(Unknown Source)\n\tat com.example.teamcity.ui.pages.admin.CreteNewProjectPage.createProjectByUrl(CreteNewProjectPage.java:40)\n\tat com.example.teamcity.ui.CreateNewProjectTest.checkCreateNewProjectFromVCSInvalidData(CreateNewProjectTest.java:81)\n\tat java.base/jdk.internal.reflect.NativeMethodAccessorImpl.invoke0(Native Method)\n\tat java.base/jdk.internal.reflect.NativeMethodAccessorImpl.invoke(NativeMethodAccessorImpl.java:77)\n\tat java.base/jdk.internal.reflect.DelegatingMethodAccessorImpl.invoke(DelegatingMethodAccessorImpl.java:43)\n\tat java.base/java.lang.reflect.Method.invoke(Method.java:568)\n\tat org.testng.internal.invokers.MethodInvocationHelper.invokeMethod(MethodInvocationHelper.java:139)\n\tat org.testng.internal.invokers.TestInvoker.invokeMethod(TestInvoker.java:677)\n\tat org.testng.internal.invokers.TestInvoker.invokeTestMethod(TestInvoker.java:221)\n\tat org.testng.internal.invokers.MethodRunner.runInSequence(MethodRunner.java:50)\n\tat org.testng.internal.invokers.TestInvoker$MethodInvocationAgent.invoke(TestInvoker.java:969)\n\tat org.testng.internal.invokers.TestInvoker.invokeTestMethods(TestInvoker.java:194)\n\tat org.testng.internal.invokers.TestMethodWorker.invokeTestMethods(TestMethodWorker.java:148)\n\tat org.testng.internal.invokers.TestMethodWorker.run(TestMethodWorker.java:128)\n\tat java.base/java.util.ArrayList.forEach(ArrayList.java:1511)\n\tat org.testng.TestRunner.privateRun(TestRunner.java:829)\n\tat org.testng.TestRunner.run(TestRunner.java:602)\n\tat org.testng.SuiteRunner.runTest(SuiteRunner.java:437)\n\tat org.testng.SuiteRunner.runSequentially(SuiteRunner.java:431)\n\tat org.testng.SuiteRunner.privateRun(SuiteRunner.java:391)\n\tat org.testng.SuiteRunner.run(SuiteRunner.java:330)\n\tat org.testng.SuiteRunnerWorker.runSuite(SuiteRunnerWorker.java:52)\n\tat org.testng.SuiteRunnerWorker.run(SuiteRunnerWorker.java:95)\n\tat org.testng.TestNG.runSuitesSequentially(TestNG.java:1256)\n\tat org.testng.TestNG.runSuitesSequentially(TestNG.java:1251)\n\tat org.testng.TestNG.runSuitesLocally(TestNG.java:1176)\n\tat org.testng.TestNG.runSuites(TestNG.java:1099)\n\tat org.testng.TestNG.run(TestNG.java:1067)\n\tat org.apache.maven.surefire.testng.TestNGExecutor.run(TestNGExecutor.java:283)\n\tat org.apache.maven.surefire.testng.TestNGXmlTestSuite.execute(TestNGXmlTestSuite.java:75)\n\tat org.apache.maven.surefire.testng.TestNGProvider.invoke(TestNGProvider.java:120)\n\tat org.apache.maven.surefire.booter.ForkedBooter.invokeProviderInSameClassLoader(ForkedBooter.java:384)\n\tat org.apache.maven.surefire.booter.ForkedBooter.runSuitesInProcess(ForkedBooter.java:345)\n\tat org.apache.maven.surefire.booter.ForkedBooter.execute(ForkedBooter.java:126)\n\tat org.apache.maven.surefire.booter.ForkedBooter.main(ForkedBooter.java:418)\nCaused by: org.openqa.selenium.NoSuchElementException: Unable to locate element: [id=\"url\"]\nFor documentation on this error, please visit: https://www.selenium.dev/documentation/webdriver/troubleshooting/errors#no-such-element-exception\nBuild info: version: '4.13.0', revision: 'ba948ece5b*'\nSystem info: os.name: 'Linux', os.arch: 'amd64', os.version: '6.5.0-1021-azure', java.version: '17.0.11'\nDriver info: org.openqa.selenium.remote.RemoteWebDriver\nCommand: [c4e20264-1085-4349-b169-8e4fe083931a, findElement {using=css selector, value=[id=\"url\"]}]\nCapabilities {acceptInsecureCerts: true, browserName: firefox, browserVersion: 89.0, moz:accessibilityChecks: false, moz:buildID: 20210527174632, moz:debuggerAddress: localhost:43891, moz:geckodriverVersion: 0.29.1, moz:headless: false, moz:processID: 91, moz:profile: /tmp/rust_mozprofilejIXXtj, moz:shutdownTimeout: 60000, moz:useNonSpecCompliantPointerOrigin: false, moz:webdriverClick: true, pageLoadStrategy: normal, platformName: linux, platformVersion: 6.5.0-1021-azure, se:cdp: ws://172.17.0.1:4444/devtoo..., se:cdpVersion: 89.0, setWindowRect: true, strictFileInteractability: false, timeouts: {implicit: 0, pageLoad: 300000, script: 30000}, unhandledPromptBehavior: accept}\nSession ID: c4e20264-1085-4349-b169-8e4fe083931a\n\tat jdk.internal.reflect.GeneratedConstructorAccessor84.newInstance(Unknown Source)\n\tat java.base/jdk.internal.reflect.DelegatingConstructorAccessorImpl.newInstance(DelegatingConstructorAccessorImpl.java:45)\n\tat java.base/java.lang.reflect.Constructor.newInstanceWithCaller(Constructor.java:499)\n\tat java.base/java.lang.reflect.Constructor.newInstance(Constructor.java:480)\n\tat org.openqa.selenium.remote.codec.w3c.W3CHttpResponseCodec.createException(W3CHttpResponseCodec.java:200)\n\tat org.openqa.selenium.remote.codec.w3c.W3CHttpResponseCodec.decode(W3CHttpResponseCodec.java:133)\n\tat org.openqa.selenium.remote.codec.w3c.W3CHttpResponseCodec.decode(W3CHttpResponseCodec.java:52)\n\tat org.openqa.selenium.remote.HttpCommandExecutor.execute(HttpCommandExecutor.java:191)\n\tat org.openqa.selenium.remote.RemoteWebDriver.execute(RemoteWebDriver.java:602)\n\tat org.openqa.selenium.remote.ElementLocation$ElementFinder$2.findElement(ElementLocation.java:165)\n\tat org.openqa.selenium.remote.ElementLocation.findElement(ElementLocation.java:59)\n\tat org.openqa.selenium.remote.RemoteWebDriver.findElement(RemoteWebDriver.java:359)\n\tat org.openqa.selenium.remote.RemoteWebDriver.findElement(RemoteWebDriver.java:353)\n\tat com.codeborne.selenide.impl.WebElementSelector.findElement(WebElementSelector.java:73)\n\tat com.codeborne.selenide.impl.WebElementSelector.findElement(WebElementSelector.java:46)\n\tat com.codeborne.selenide.impl.WebElementSelector.findElement(WebElementSelector.java:35)\n\tat com.codeborne.selenide.impl.ElementFinder.getWebElement(ElementFinder.java:122)\n\tat com.codeborne.selenide.impl.WebElementSource.checkConditionAndReturnElement(WebElementSource.java:114)\n\t... 42 more\n","steps":[{"name":"$(\"[id=\"url\"]\") clear()","time":{"start":1717245112728,"stop":1717245117082,"duration":4354},"status":"failed","statusMessage":"Element not found {[id=\"url\"]}\nExpected: editable\nScreenshot: file:/home/runner/work/workshop-teamcity/workshop-teamcity/target/surefire-reports/1717245116911.2.png\nPage source: file:/home/runner/work/workshop-teamcity/workshop-teamcity/target/surefire-reports/1717245116911.2.html\nTimeout: 4 s.\nCaused by: NoSuchElementException: Unable to locate element: [id=\"url\"]","statusTrace":"Element not found {[id=\"url\"]}\nExpected: editable\nScreenshot: file:/home/runner/work/workshop-teamcity/workshop-teamcity/target/surefire-reports/1717245116911.2.png\nPage source: file:/home/runner/work/workshop-teamcity/workshop-teamcity/target/surefire-reports/1717245116911.2.html\nTimeout: 4 s.\nCaused by: NoSuchElementException: Unable to locate element: [id=\"url\"]\n\tat com.codeborne.selenide.impl.WebElementSource.createElementNotFoundError(WebElementSource.java:89)\n\tat com.codeborne.selenide.impl.ElementFinder.createElementNotFoundError(ElementFinder.java:142)\n\tat com.codeborne.selenide.impl.WebElementSource.handleError(WebElementSource.java:141)\n\tat com.codeborne.selenide.impl.WebElementSource.checkConditionAndReturnElement(WebElementSource.java:125)\n\tat com.codeborne.selenide.impl.WebElementSource.findAndAssertElementIsEditable(WebElementSource.java:182)\n\tat com.codeborne.selenide.commands.Clear.execute(Clear.java:41)\n\tat com.codeborne.selenide.commands.Clear.execute(Clear.java:33)\n\tat com.codeborne.selenide.commands.Commands.execute(Commands.java:162)\n\tat com.codeborne.selenide.impl.SelenideElementProxy.dispatchAndRetry(SelenideElementProxy.java:134)\n\tat com.codeborne.selenide.impl.SelenideElementProxy.invoke(SelenideElementProxy.java:86)\n\tat jdk.proxy2/jdk.proxy2.$Proxy62.clear(Unknown Source)\n\tat com.example.teamcity.ui.pages.admin.CreteNewProjectPage.createProjectByUrl(CreteNewProjectPage.java:40)\n\tat com.example.teamcity.ui.CreateNewProjectTest.checkCreateNewProjectFromVCSInvalidData(CreateNewProjectTest.java:81)\n\tat java.base/jdk.internal.reflect.NativeMethodAccessorImpl.invoke0(Native Method)\n\tat java.base/jdk.internal.reflect.NativeMethodAccessorImpl.invoke(NativeMethodAccessorImpl.java:77)\n\tat java.base/jdk.internal.reflect.DelegatingMethodAccessorImpl.invoke(DelegatingMethodAccessorImpl.java:43)\n\tat java.base/java.lang.reflect.Method.invoke(Method.java:568)\n\tat org.testng.internal.invokers.MethodInvocationHelper.invokeMethod(MethodInvocationHelper.java:139)\n\tat org.testng.internal.invokers.TestInvoker.invokeMethod(TestInvoker.java:677)\n\tat org.testng.internal.invokers.TestInvoker.invokeTestMethod(TestInvoker.java:221)\n\tat org.testng.internal.invokers.MethodRunner.runInSequence(MethodRunner.java:50)\n\tat org.testng.internal.invokers.TestInvoker$MethodInvocationAgent.invoke(TestInvoker.java:969)\n\tat org.testng.internal.invokers.TestInvoker.invokeTestMethods(TestInvoker.java:194)\n\tat org.testng.internal.invokers.TestMethodWorker.invokeTestMethods(TestMethodWorker.java:148)\n\tat org.testng.internal.invokers.TestMethodWorker.run(TestMethodWorker.java:128)\n\tat java.base/java.util.ArrayList.forEach(ArrayList.java:1511)\n\tat org.testng.TestRunner.privateRun(TestRunner.java:829)\n\tat org.testng.TestRunner.run(TestRunner.java:602)\n\tat org.testng.SuiteRunner.runTest(SuiteRunner.java:437)\n\tat org.testng.SuiteRunner.runSequentially(SuiteRunner.java:431)\n\tat org.testng.SuiteRunner.privateRun(SuiteRunner.java:391)\n\tat org.testng.SuiteRunner.run(SuiteRunner.java:330)\n\tat org.testng.SuiteRunnerWorker.runSuite(SuiteRunnerWorker.java:52)\n\tat org.testng.SuiteRunnerWorker.run(SuiteRunnerWorker.java:95)\n\tat org.testng.TestNG.runSuitesSequentially(TestNG.java:1256)\n\tat org.testng.TestNG.runSuitesSequentially(TestNG.java:1251)\n\tat org.testng.TestNG.runSuitesLocally(TestNG.java:1176)\n\tat org.testng.TestNG.runSuites(TestNG.java:1099)\n\tat org.testng.TestNG.run(TestNG.java:1067)\n\tat org.apache.maven.surefire.testng.TestNGExecutor.run(TestNGExecutor.java:283)\n\tat org.apache.maven.surefire.testng.TestNGXmlTestSuite.execute(TestNGXmlTestSuite.java:75)\n\tat org.apache.maven.surefire.testng.TestNGProvider.invoke(TestNGProvider.java:120)\n\tat org.apache.maven.surefire.booter.ForkedBooter.invokeProviderInSameClassLoader(ForkedBooter.java:384)\n\tat org.apache.maven.surefire.booter.ForkedBooter.runSuitesInProcess(ForkedBooter.java:345)\n\tat org.apache.maven.surefire.booter.ForkedBooter.execute(ForkedBooter.java:126)\n\tat org.apache.maven.surefire.booter.ForkedBooter.main(ForkedBooter.java:418)\nCaused by: org.openqa.selenium.NoSuchElementException: Unable to locate element: [id=\"url\"]\nFor documentation on this error, please visit: https://www.selenium.dev/documentation/webdriver/troubleshooting/errors#no-such-element-exception\nBuild info: version: '4.13.0', revision: 'ba948ece5b*'\nSystem info: os.name: 'Linux', os.arch: 'amd64', os.version: '6.5.0-1021-azure', java.version: '17.0.11'\nDriver info: org.openqa.selenium.remote.RemoteWebDriver\nCommand: [c4e20264-1085-4349-b169-8e4fe083931a, findElement {using=css selector, value=[id=\"url\"]}]\nCapabilities {acceptInsecureCerts: true, browserName: firefox, browserVersion: 89.0, moz:accessibilityChecks: false, moz:buildID: 20210527174632, moz:debuggerAddress: localhost:43891, moz:geckodriverVersion: 0.29.1, moz:headless: false, moz:processID: 91, moz:profile: /tmp/rust_mozprofilejIXXtj, moz:shutdownTimeout: 60000, moz:useNonSpecCompliantPointerOrigin: false, moz:webdriverClick: true, pageLoadStrategy: normal, platformName: linux, platformVersion: 6.5.0-1021-azure, se:cdp: ws://172.17.0.1:4444/devtoo..., se:cdpVersion: 89.0, setWindowRect: true, strictFileInteractability: false, timeouts: {implicit: 0, pageLoad: 300000, script: 30000}, unhandledPromptBehavior: accept}\nSession ID: c4e20264-1085-4349-b169-8e4fe083931a\n\tat jdk.internal.reflect.GeneratedConstructorAccessor84.newInstance(Unknown Source)\n\tat java.base/jdk.internal.reflect.DelegatingConstructorAccessorImpl.newInstance(DelegatingConstructorAccessorImpl.java:45)\n\tat java.base/java.lang.reflect.Constructor.newInstanceWithCaller(Constructor.java:499)\n\tat java.base/java.lang.reflect.Constructor.newInstance(Constructor.java:480)\n\tat org.openqa.selenium.remote.codec.w3c.W3CHttpResponseCodec.createException(W3CHttpResponseCodec.java:200)\n\tat org.openqa.selenium.remote.codec.w3c.W3CHttpResponseCodec.decode(W3CHttpResponseCodec.java:133)\n\tat org.openqa.selenium.remote.codec.w3c.W3CHttpResponseCodec.decode(W3CHttpResponseCodec.java:52)\n\tat org.openqa.selenium.remote.HttpCommandExecutor.execute(HttpCommandExecutor.java:191)\n\tat org.openqa.selenium.remote.RemoteWebDriver.execute(RemoteWebDriver.java:602)\n\tat org.openqa.selenium.remote.ElementLocation$ElementFinder$2.findElement(ElementLocation.java:165)\n\tat org.openqa.selenium.remote.ElementLocation.findElement(ElementLocation.java:59)\n\tat org.openqa.selenium.remote.RemoteWebDriver.findElement(RemoteWebDriver.java:359)\n\tat org.openqa.selenium.remote.RemoteWebDriver.findElement(RemoteWebDriver.java:353)\n\tat com.codeborne.selenide.impl.WebElementSelector.findElement(WebElementSelector.java:73)\n\tat com.codeborne.selenide.impl.WebElementSelector.findElement(WebElementSelector.java:46)\n\tat com.codeborne.selenide.impl.WebElementSelector.findElement(WebElementSelector.java:35)\n\tat com.codeborne.selenide.impl.ElementFinder.getWebElement(ElementFinder.java:122)\n\tat com.codeborne.selenide.impl.WebElementSource.checkConditionAndReturnElement(WebElementSource.java:114)\n\t... 42 more\n","steps":[],"attachments":[{"uid":"551a8ebdde143aa7","name":"Screenshot","source":"551a8ebdde143aa7.png","type":"image/png","size":95618},{"uid":"42100255438ad2ca","name":"Page source","source":"42100255438ad2ca.html","type":"text/html","size":222838}],"parameters":[],"shouldDisplayMessage":true,"stepsCount":0,"attachmentsCount":2,"hasContent":true}],"attachments":[],"parameters":[{"name":"url","value":"AoAgrFKZBnwcUsdZkUPK"}],"shouldDisplayMessage":false,"stepsCount":1,"attachmentsCount":2,"hasContent":true}],"attachments":[],"parameters":[],"shouldDisplayMessage":false,"stepsCount":19,"attachmentsCount":2,"hasContent":true},"afterStages":[{"name":"cleanTest","time":{"start":1717245117084,"stop":1717245117407,"duration":323},"description":"","status":"passed","steps":[],"attachments":[],"parameters":[],"shouldDisplayMessage":false,"stepsCount":0,"attachmentsCount":0,"hasContent":false}],"labels":[{"name":"package","value":"com.example.teamcity.ui.CreateNewProjectTest"},{"name":"testClass","value":"com.example.teamcity.ui.CreateNewProjectTest"},{"name":"testMethod","value":"checkCreateNewProjectFromVCSInvalidData"},{"name":"parentSuite","value":"UI Suite (0)"},{"name":"suite","value":"UI Test"},{"name":"subSuite","value":"com.example.teamcity.ui.CreateNewProjectTest"},{"name":"host","value":"fv-az1382-858"},{"name":"thread","value":"5808@fv-az1382-858.main(1)"},{"name":"framework","value":"testng"},{"name":"language","value":"java"},{"name":"resultFormat","value":"allure2"}],"parameters":[],"links":[],"hidden":false,"retry":false,"extra":{"severity":"normal","retries":[{"uid":"8c767af22e4dd7b6","status":"passed","time":{"start":1717245050882,"stop":1717245058673,"duration":7791}}],"categories":[{"name":"Product defects","matchedStatuses":[],"flaky":false}],"history":{"statistic":{"failed":1,"broken":4,"skipped":0,"passed":9,"unknown":0,"total":14},"items":[{"uid":"6c4614348e49a153","reportUrl":"https://olgamorozova1.github.io/workshop-teamcity/25//#testresult/6c4614348e49a153","status":"passed","time":{"start":1717240988605,"stop":1717240994810,"duration":6205}},{"uid":"14d97f992a20ba76","reportUrl":"https://olgamorozova1.github.io/workshop-teamcity/21//#testresult/14d97f992a20ba76","status":"passed","time":{"start":1717237436592,"stop":1717237442398,"duration":5806}},{"uid":"968b07a798f4120c","reportUrl":"https://olgamorozova1.github.io/workshop-teamcity/20//#testresult/968b07a798f4120c","status":"passed","time":{"start":1717236649007,"stop":1717236654707,"duration":5700}},{"uid":"860daced904c6adc","reportUrl":"https://olgamorozova1.github.io/workshop-teamcity/19//#testresult/860daced904c6adc","status":"broken","statusDetails":"com.fasterxml.jackson.databind.exc.UnrecognizedPropertyException: Unrecognized field \"id\" (class com.example.teamcity.api.models.User), not marked as ignorable (4 known properties: \"password\", \"email\", \"roles\", \"username\"])\n at [Source: (String)\"{\"username\":\"moniyviqja\",\"id\":6,\"email\":\"dwain.bashirian@yahoo.com\",\"href\":\"/app/rest/users/id:6\",\"properties\":{\"property\":[{\"name\":\"addTriggeredBuildToFavorites\",\"value\":\"true\"},{\"name\":\"plugin:vcs:anyVcs:anyVcsRoot\",\"value\":\"MonIyViqJa\"},{\"name\":\"teamcity.server.buildNumber\",\"value\":\"147412\"}],\"count\":3,\"href\":\"/app/rest/users/id:6/properties\"},\"roles\":{\"role\":[{\"roleId\":\"SYSTEM_ADMIN\",\"scope\":\"g\",\"href\":\"/app/rest/users/id:6/roles/SYSTEM_ADMIN/g\"}]},\"groups\":{\"count\":1,\"group\":[{\"key\":\"ALL_US\"[truncated 127 chars]; line: 1, column: 32] (through reference chain: com.example.teamcity.api.models.User[\"id\"])","time":{"start":1717234064083,"stop":1717234064160,"duration":77}},{"uid":"7402536fd99503b2","reportUrl":"https://olgamorozova1.github.io/workshop-teamcity/18//#testresult/7402536fd99503b2","status":"broken","statusDetails":"com.fasterxml.jackson.databind.exc.UnrecognizedPropertyException: Unrecognized field \"id\" (class com.example.teamcity.api.models.User), not marked as ignorable (4 known properties: \"password\", \"email\", \"roles\", \"username\"])\n at [Source: (String)\"{\"username\":\"abejjtzdxi\",\"id\":6,\"email\":\"kristal.franecki@gmail.com\",\"href\":\"/app/rest/users/id:6\",\"properties\":{\"property\":[{\"name\":\"addTriggeredBuildToFavorites\",\"value\":\"true\"},{\"name\":\"plugin:vcs:anyVcs:anyVcsRoot\",\"value\":\"aBEJJtZDxI\"},{\"name\":\"teamcity.server.buildNumber\",\"value\":\"147412\"}],\"count\":3,\"href\":\"/app/rest/users/id:6/properties\"},\"roles\":{\"role\":[{\"roleId\":\"SYSTEM_ADMIN\",\"scope\":\"g\",\"href\":\"/app/rest/users/id:6/roles/SYSTEM_ADMIN/g\"}]},\"groups\":{\"count\":1,\"group\":[{\"key\":\"ALL_U\"[truncated 128 chars]; line: 1, column: 32] (through reference chain: com.example.teamcity.api.models.User[\"id\"])","time":{"start":1717233523436,"stop":1717233523539,"duration":103}},{"uid":"68183b2938bf7bab","reportUrl":"https://olgamorozova1.github.io/workshop-teamcity/17//#testresult/68183b2938bf7bab","status":"broken","statusDetails":"com.fasterxml.jackson.databind.exc.UnrecognizedPropertyException: Unrecognized field \"id\" (class com.example.teamcity.api.models.User), not marked as ignorable (4 known properties: \"password\", \"email\", \"roles\", \"username\"])\n at [Source: (String)\"{\"username\":\"isjhhzwgmm\",\"id\":6,\"email\":\"james.walker@yahoo.com\",\"href\":\"/app/rest/users/id:6\",\"properties\":{\"property\":[{\"name\":\"addTriggeredBuildToFavorites\",\"value\":\"true\"},{\"name\":\"plugin:vcs:anyVcs:anyVcsRoot\",\"value\":\"isJHhZWGmM\"},{\"name\":\"teamcity.server.buildNumber\",\"value\":\"147412\"}],\"count\":3,\"href\":\"/app/rest/users/id:6/properties\"},\"roles\":{\"role\":[{\"roleId\":\"SYSTEM_ADMIN\",\"scope\":\"g\",\"href\":\"/app/rest/users/id:6/roles/SYSTEM_ADMIN/g\"}]},\"groups\":{\"count\":1,\"group\":[{\"key\":\"ALL_USERS\"[truncated 124 chars]; line: 1, column: 32] (through reference chain: com.example.teamcity.api.models.User[\"id\"])","time":{"start":1717106693752,"stop":1717106693839,"duration":87}},{"uid":"aeeba1352a686cc5","reportUrl":"https://olgamorozova1.github.io/workshop-teamcity/16//#testresult/aeeba1352a686cc5","status":"broken","statusDetails":"com.fasterxml.jackson.databind.exc.UnrecognizedPropertyException: Unrecognized field \"id\" (class com.example.teamcity.api.models.User), not marked as ignorable (4 known properties: \"password\", \"email\", \"roles\", \"username\"])\n at [Source: (String)\"{\"username\":\"ejtrvqtfva\",\"id\":6,\"email\":\"mariela.stracke@yahoo.com\",\"href\":\"/app/rest/users/id:6\",\"properties\":{\"property\":[{\"name\":\"addTriggeredBuildToFavorites\",\"value\":\"true\"},{\"name\":\"plugin:vcs:anyVcs:anyVcsRoot\",\"value\":\"ejTRVqTFva\"},{\"name\":\"teamcity.server.buildNumber\",\"value\":\"147412\"}],\"count\":3,\"href\":\"/app/rest/users/id:6/properties\"},\"roles\":{\"role\":[{\"roleId\":\"SYSTEM_ADMIN\",\"scope\":\"g\",\"href\":\"/app/rest/users/id:6/roles/SYSTEM_ADMIN/g\"}]},\"groups\":{\"count\":1,\"group\":[{\"key\":\"ALL_US\"[truncated 127 chars]; line: 1, column: 32] (through reference chain: com.example.teamcity.api.models.User[\"id\"])","time":{"start":1717104527649,"stop":1717104527751,"duration":102}},{"uid":"93993a96e64667b8","reportUrl":"https://olgamorozova1.github.io/workshop-teamcity/15//#testresult/93993a96e64667b8","status":"passed","time":{"start":1717102526099,"stop":1717102533656,"duration":7557}},{"uid":"12a1c1030e50bd7d","reportUrl":"https://olgamorozova1.github.io/workshop-teamcity/14//#testresult/12a1c1030e50bd7d","status":"passed","time":{"start":1717061056403,"stop":1717061061831,"duration":5428}},{"uid":"d96fea56f8b80eaa","reportUrl":"https://olgamorozova1.github.io/workshop-teamcity/13//#testresult/d96fea56f8b80eaa","status":"passed","time":{"start":1716722508354,"stop":1716722514157,"duration":5803}},{"uid":"2b7a28e8f43cdcd7","reportUrl":"https://olgamorozova1.github.io/workshop-teamcity/12//#testresult/2b7a28e8f43cdcd7","status":"passed","time":{"start":1716720460685,"stop":1716720466233,"duration":5548}},{"uid":"d8c8a6570e73831f","reportUrl":"https://olgamorozova1.github.io/workshop-teamcity/11//#testresult/d8c8a6570e73831f","status":"passed","time":{"start":1716713689044,"stop":1716713695346,"duration":6302}},{"uid":"79abd2bb3f6ab6ca","reportUrl":"https://olgamorozova1.github.io/workshop-teamcity/10//#testresult/79abd2bb3f6ab6ca","status":"passed","time":{"start":1716713098396,"stop":1716713105274,"duration":6878}}]},"tags":[]},"source":"5798300a4ff77b2e.json","parameterValues":[]}